0 info it worked if it ends with ok
1 verbose cli [ '/usr/local/bin/node', '/usr/local/bin/npm', 'run', 'start' ]
2 info using npm@3.10.3
3 info using node@v4.4.5
4 verbose run-script [ 'prestart', 'start', 'poststart' ]
5 info lifecycle stock-market-chart@1.0.0~prestart: stock-market-chart@1.0.0
6 silly lifecycle stock-market-chart@1.0.0~prestart: no script for prestart, continuing
7 info lifecycle stock-market-chart@1.0.0~start: stock-market-chart@1.0.0
8 verbose lifecycle stock-market-chart@1.0.0~start: unsafe-perm in lifecycle true
9 verbose lifecycle stock-market-chart@1.0.0~start: PATH: /usr/local/lib/node_modules/npm/bin/node-gyp-bin:/Users/jmcilhargey/Dropbox/stock-app/node_modules/.bin:/usr/local/bin:/Users/jmcilhargey/.rvm/gems/ruby-2.2.1/bin:/Users/jmcilhargey/.rvm/gems/ruby-2.2.1@global/bin:/Users/jmcilhargey/.rvm/rubies/ruby-2.2.1/bin:/usr/local/bin:/usr/bin:/bin:/usr/sbin:/sbin:/Users/jmcilhargey/.rvm/bin
10 verbose lifecycle stock-market-chart@1.0.0~start: CWD: /Users/jmcilhargey/Dropbox/stock-app
11 silly lifecycle stock-market-chart@1.0.0~start: Args: [ '-c', 'node server/index.js' ]
12 silly lifecycle stock-market-chart@1.0.0~start: Returned: code: 1  signal: null
13 info lifecycle stock-market-chart@1.0.0~start: Failed to exec start script
14 verbose stack Error: stock-market-chart@1.0.0 start: `node server/index.js`
14 verbose stack Exit status 1
14 verbose stack     at EventEmitter.<anonymous> (/usr/local/lib/node_modules/npm/lib/utils/lifecycle.js:242:16)
14 verbose stack     at emitTwo (events.js:87:13)
14 verbose stack     at EventEmitter.emit (events.js:172:7)
14 verbose stack     at ChildProcess.<anonymous> (/usr/local/lib/node_modules/npm/lib/utils/spawn.js:40:14)
14 verbose stack     at emitTwo (events.js:87:13)
14 verbose stack     at ChildProcess.emit (events.js:172:7)
14 verbose stack     at maybeClose (internal/child_process.js:827:16)
14 verbose stack     at Process.ChildProcess._handle.onexit (internal/child_process.js:211:5)
15 verbose pkgid stock-market-chart@1.0.0
16 verbose cwd /Users/jmcilhargey/Dropbox/stock-app
17 error Darwin 14.5.0
18 error argv "/usr/local/bin/node" "/usr/local/bin/npm" "run" "start"
19 error node v4.4.5
20 error npm  v3.10.3
21 error code ELIFECYCLE
22 error stock-market-chart@1.0.0 start: `node server/index.js`
22 error Exit status 1
23 error Failed at the stock-market-chart@1.0.0 start script 'node server/index.js'.
23 error Make sure you have the latest version of node.js and npm installed.
23 error If you do, this is most likely a problem with the stock-market-chart package,
23 error not with npm itself.
23 error Tell the author that this fails on your system:
23 error     node server/index.js
23 error You can get information on how to open an issue for this project with:
23 error     npm bugs stock-market-chart
23 error Or if that isn't available, you can get their info via:
23 error     npm owner ls stock-market-chart
23 error There is likely additional logging output above.
24 verbose exit [ 1, true ]
